== Preflight: project roots ==
BACKEND_ROOT=/home/gary-morris/Desktop/EVENTS PLATFORM/events-platform/events-backend
FRONTEND_ROOT=/home/gary-morris/Desktop/EVENTS PLATFORM/events-platform/events-frontend

== Evidence anchors before patch ==
-- backend src/routes/events.ts auth block --
     1	// src/routes/events.ts
     2	import { Router } from "express";
     3	import { db } from "../lib/firebaseAdmin.js";
     4	import { EventSchema } from "../lib/schemas.js";
     5	import { Timestamp } from "firebase-admin/firestore";
     6	import ics from "ics";
     7	const { createEvent: createIcsEvent } = ics;
     8	
     9	const router = Router();
    10	
    11	/* =========================
    12	   Startup checks
    13	   ========================= */
    14	const ADMIN_PASS = (process.env.ADMIN_PASSCODE ?? "").trim();
    15	if (!ADMIN_PASS) {
    16	  console.warn(
    17	    "[events] ADMIN_PASSCODE is empty. POST/DELETE /events will always return 403 until set."
    18	  );
    19	}
    20	
    21	/* =========================
    22	   Helpers
    23	   ========================= */
    24	function toIso(v: any): string | null {
    25	  if (!v) return null;
    26	  if (typeof v?.toDate === "function") return v.toDate().toISOString(); // Firestore Timestamp
    27	  if (v instanceof Date) return v.toISOString();
    28	  if (typeof v?.seconds === "number") {
    29	    const ms = v.seconds * 1000 + Math.floor((v.nanoseconds ?? 0) / 1e6);
    30	    return new Date(ms).toISOString();
    31	  }
    32	  if (typeof v === "string") {
    33	    const s = v.trim();
    34	    let d = new Date(s);
    35	    if (!isNaN(d.getTime())) return d.toISOString();
   125	// CREATE event (protected by admin passcode)
   126	router.post("/", async (req, res) => {
   127	  try {
   128	    const raw = req.headers["x-admin-passcode"];
   129	    const got =
   130	      typeof raw === "string" ? raw.trim() : Array.isArray(raw) ? raw[0]?.trim() : "";
   131	
   132	    if (!got) {
   133	      return res
   134	        .status(403)
   135	        .json({ error: "Forbidden: missing x-admin-passcode header" });
   136	    }
   137	    if (!ADMIN_PASS) {
   138	      return res
   139	        .status(403)
   140	        .json({ error: "Forbidden: server ADMIN_PASSCODE not configured" });
   141	    }
   142	    if (got !== ADMIN_PASS) {
   143	      return res.status(403).json({ error: "Forbidden: invalid passcode" });
   144	    }
   145	
   146	    const parsed = EventSchema.parse(req.body);
   147	
   148	    const data = {
   149	      ...parsed,
   150	      start: Timestamp.fromDate(new Date(parsed.start)),
   151	      end: Timestamp.fromDate(new Date(parsed.end)),
   152	      createdAt: Timestamp.now(),
   153	    };
   154	
   155	    const docRef = await db.collection("events").add(data);
   156	    const saved = await docRef.get();
   157	    return res.status(201).json(normalizeEvent(saved.id, saved.data()));
   158	  } catch (e: any) {
   159	    return res.status(400).json({ error: formatRequestError(e, "Invalid event details") });
   160	  }
   161	});
   162	
   163	// UPDATE event (protected by admin passcode)
   164	router.put("/:id", async (req, res) => {
   165	  try {
   166	    const raw = req.headers["x-admin-passcode"];
   167	    const got =
   168	      typeof raw === "string" ? raw.trim() : Array.isArray(raw) ? raw[0]?.trim() : "";
   169	
   170	    if (!got) {
   171	      return res
   172	        .status(403)
   173	        .json({ error: "Forbidden: missing x-admin-passcode header" });
   174	    }
   175	    if (!ADMIN_PASS) {
   176	      return res
   177	        .status(403)
   178	        .json({ error: "Forbidden: server ADMIN_PASSCODE not configured" });
   179	    }
   180	    if (got !== ADMIN_PASS) {
   181	      return res.status(403).json({ error: "Forbidden: invalid passcode" });
   182	    }
   183	
   184	    const { id } = req.params;
   185	    const ref = db.collection("events").doc(id);
   186	    const snap = await ref.get();
   187	
   188	    if (!snap.exists) {
   189	      return res.status(404).json({ error: "Event not found" });
   190	    }
   191	
   192	    const parsed = EventSchema.parse(req.body);
   193	    await ref.update({
   194	      ...parsed,
   195	      start: Timestamp.fromDate(new Date(parsed.start)),
   196	      end: Timestamp.fromDate(new Date(parsed.end)),
   197	      updatedAt: Timestamp.now(),
   198	    });
   199	
   200	    const saved = await ref.get();
   201	    return res.json(normalizeEvent(saved.id, saved.data()));
   202	  } catch (e: any) {
   203	    console.error("[events] UPDATE error:", e);
   204	    return res.status(400).json({ error: formatRequestError(e, "Failed to update event") });
   205	  }
   206	});
   207	
   208	// DELETE event (protected by admin passcode)
   209	router.delete("/:id", async (req, res) => {
   210	  try {
   211	    const raw = req.headers["x-admin-passcode"];
   212	    const got =
   213	      typeof raw === "string" ? raw.trim() : Array.isArray(raw) ? raw[0]?.trim() : "";
   214	
   215	    if (!got) {
   216	      return res
   217	        .status(403)
   218	        .json({ error: "Forbidden: missing x-admin-passcode header" });
   219	    }
   220	    if (!ADMIN_PASS) {
   221	      return res
   222	        .status(403)
   223	        .json({ error: "Forbidden: server ADMIN_PASSCODE not configured" });
   224	    }
   225	    if (got !== ADMIN_PASS) {
   226	      return res.status(403).json({ error: "Forbidden: invalid passcode" });
   227	    }
   228	
   229	    const { id } = req.params;
   230	    const ref = db.collection("events").doc(id);
-- backend src/index.ts CORS/routes --
     1	// src/index.ts
     2	// Load env first so downstream modules see variables
     3	import "dotenv/config";
     4	
     5	import express from "express";
     6	import cors, { type CorsOptions } from "cors";
     7	
     8	import events from "./routes/events.js";
     9	import signups from "./routes/signups.js";
    10	import checkout from "./routes/checkout.js"; // optional: Stripe
    11	import tmdb from "./routes/tmdb.js";
    12	
    13	// Surface crashes clearly during dev
    14	process.on("uncaughtException", (err) => {
    15	  console.error("[uncaughtException]", err);
    16	  process.exit(1);
    17	});
    18	process.on("unhandledRejection", (reason) => {
    19	  console.error("[unhandledRejection]", reason);
    20	  process.exit(1);
    21	});
    22	
    23	const app = express();
    24	app.use(express.json());
    25	
    26	/* =========================
    27	   CORS
    28	   ========================= */
    29	
    30	const rawOrigins = String(process.env.ALLOW_ORIGINS ?? process.env.ALLOW_ORIGIN ?? "");
    31	const parsedEnvOrigins = rawOrigins
    32	  .split(",")
    33	  .map((s) => s.trim())
    34	  .filter((s) => s.length > 0)
    35	  .map((s) => s.replace(/\/$/, "")); // drop trailing slash after trimming
    36	
    37	const defaultDevOrigins = [
    38	  "http://localhost:3000",
    39	  "http://127.0.0.1:3000",
    40	  "http://localhost:3001",
    41	  "http://127.0.0.1:3001",
    42	];
    43	
    44	const allowedOrigins = Array.from(new Set([...defaultDevOrigins, ...parsedEnvOrigins]));
    45	const corsWarned = new Set<string>(); // avoid repeating the same warning
    46	
    47	const corsOptions: CorsOptions = {
    48	  // Return false (don’t throw) so tests/clients see a clean CORS denial
    49	  origin(origin, callback) {
    50	    if (!origin) return callback(null, true); // server-to-server / curl / tests
    51	
    52	    const normalized = origin.replace(/\/$/, "");
    53	    const ok =
    54	      allowedOrigins.includes(normalized) ||
    55	      /^http:\/\/(localhost|127\.0\.0\.1):\d+$/.test(normalized) ||
    56	      /^http:\/\/192\.168\.\d+\.\d+(?::\d+)?$/.test(normalized) ||
    57	      /^https:\/\/[a-z0-9-]+\.netlify\.app$/.test(normalized);
    58	
    59	    if (ok) return callback(null, true);
    60	
    61	    if (!corsWarned.has(origin)) {
    62	      corsWarned.add(origin);
    63	      console.warn("[CORS] blocked origin:", origin);
    64	    }
    65	    return callback(null, false);
    66	  },
    67	  methods: ["GET", "POST", "PUT", "PATCH", "DELETE", "OPTIONS"],
    68	  allowedHeaders: ["Content-Type", "Authorization", "x-admin-passcode"],
    69	  optionsSuccessStatus: 200,
    70	};
    71	
    72	app.use(cors(corsOptions));
    73	// Express 5 + path-to-regexp v6: use a regexp instead of "*"
    74	app.options(/.*/, cors(corsOptions));
    75	
    76	/* =========================
    77	   Routes
    78	   ========================= */
    79	
    80	app.get("/health", (_req, res) =>
    81	  res.json({
    82	    ok: true,
    83	    version: process.env.npm_package_version || "unknown",
    84	  })
    85	);
    86	
    87	app.use("/events", events);
    88	app.use("/signups", signups);
    89	app.use("/checkout", checkout);
    90	
    91	// Enable /tmdb only if configured
    92	if (process.env.TMDB_API_KEY?.trim()) {
    93	  app.use("/tmdb", tmdb);
    94	}
    95	
-- frontend src/lib/api.ts admin write helpers --
     1	// src/lib/api.ts
     2	
     3	// Base URL for your backend API (e.g., http://localhost:10000)
     4	
     5	const BASE = process.env.NEXT_PUBLIC_API_BASE_URL!;
     6	if (!BASE) {
     7	  
     8	  throw new Error("Missing NEXT_PUBLIC_API_BASE_URL in frontend env (.env.local)");
     9	}
    10	
    11	/* =========================
    12	   Shared types
    13	   ========================= */
    14	
    15	export type PriceType = "free" | "fixed" | "pay_what_you_feel";
    16	
    17	export type Event = {
    18	  id: string;
    19	  title: string;
    20	
    21	  // allow nulls from the API
    22	  start: string | null;   // ISO or null
    23	  end: string | null;     // ISO or null
    24	
    25	  description?: string;
    26	  location?: string;
    27	
    28	  movieId?: string | null;
    29	
    30	  // pricing/capacity (optional)
    31	  priceType?: PriceType;
    32	  pricePence?: number | null;
    33	  capacity?: number | null;
    34	  isPaid?: boolean;
    35	
    36	  createdAt?: string;
    37	  updatedAt?: string;
    38	};
    39	
    40	export type CreateEventInput = {
    41	  title: string;
    42	  description: string;
    43	  start: string;   // ISO string
    44	  end: string;     // ISO string
    45	  location: string;
    46	  /** optional TMDb link */
    47	  movieId?: string | null;
    48	
    49	  // optional pricing fields
    50	  priceType?: PriceType;
    51	  pricePence?: number | null;
    52	  capacity?: number | null;
    53	  isPaid?: boolean;
    54	};
    55	
    56	export type UpdateEventInput = CreateEventInput;
    57	
    58	export type SignupInput = {
    59	  eventId: string;
    60	  name: string;
    61	  email: string;
    62	  amountPence?: number;
    63	};
    64	
    65	/* =========================
    66	   Events
    67	   ========================= */
    68	
    69	export async function listEvents(): Promise<Event[]> {
    70	  const r = await fetch(`${BASE}/events`, { cache: "no-store" });
    71	  if (!r.ok) throw new Error("Failed to load events");
    72	  const data = await r.json();
    73	  return Array.isArray(data) ? (data as Event[]) : (data.events as Event[]);
    74	}
    75	
    76	export async function getEvent(id: string): Promise<Event> {
    77	  const r = await fetch(`${BASE}/events/${id}`, { cache: "no-store" });
    78	  if (!r.ok) throw new Error("Not found");
    79	  return (await r.json()) as Event;
    80	}
    81	
    82	export async function createEvent(
    83	  payload: CreateEventInput,
    84	  adminPass: string
    85	): Promise<Event> {
    86	  if (!adminPass || !adminPass.trim()) {
    87	    throw new Error("Missing admin passcode (frontend)");
    88	  }
    89	
    90	  const r = await fetch(`${BASE}/events`, {
    91	    method: "POST",
    92	    headers: {
    93	      "Content-Type": "application/json",
    94	      "x-admin-passcode": adminPass.trim(),
    95	    },
    96	    body: JSON.stringify(payload),
    97	  });
    98	
    99	  if (!r.ok) {
   100	    let message = "Create event failed";
   101	    try {
   102	      const e = await r.json();
   103	      if (e?.error)
   104	        message =
   105	          typeof e.error === "string" ? e.error : JSON.stringify(e.error);
   106	    } catch {}
   107	    throw new Error(message);
   108	  }
   109	  return (await r.json()) as Event;
   110	}
   111	
   112	export async function updateEvent(
   113	  id: string,
   114	  payload: UpdateEventInput,
   115	  adminPass: string
   116	): Promise<Event> {
   117	  if (!adminPass || !adminPass.trim()) {
   118	    throw new Error("Missing admin passcode (frontend)");
   119	  }
   120	
   121	  const r = await fetch(`${BASE}/events/${id}`, {
   122	    method: "PUT",
   123	    headers: {
   124	      "Content-Type": "application/json",
   125	      "x-admin-passcode": adminPass.trim(),
   126	    },
   127	    body: JSON.stringify(payload),
   128	  });
   129	
   130	  if (!r.ok) {
   131	    let message = "Update event failed";
   132	    try {
   133	      const e = await r.json();
   134	      if (e?.error) message = typeof e.error === "string" ? e.error : JSON.stringify(e.error);
   135	    } catch {}
   136	    throw new Error(message);
   137	  }
   138	  return (await r.json()) as Event;
   139	}
   140	
   249	/* =========================
   250	   Delete event
   251	   ========================= */
   252	
   253	export async function deleteEvent(id: string, adminPass: string): Promise<void> {
   254	  if (!adminPass || !adminPass.trim()) {
   255	    throw new Error("Missing admin passcode (frontend)");
   256	  }
   257	  const r = await fetch(`${BASE}/events/${id}`, {
   258	    method: "DELETE",
   259	    headers: { "x-admin-passcode": adminPass.trim() },
   260	  });
   261	  if (!r.ok) {
   262	    let message = "Delete event failed";
   263	    try {
   264	      const e = await r.json();
   265	      if (e?.error) message = typeof e.error === "string" ? e.error : JSON.stringify(e.error);
   266	    } catch {}
   267	    throw new Error(message);
   268	  }
   269	}
   270	
-- frontend create admin passcode area --
    66	export default function Admin() {
    67	  const [form, setForm] = useState<FormState>({
    68	    title: "",
    69	    description: "",
    70	    location: "",
    71	    start: "",
    72	    end: "",
    73	    movieId: "",
    74	  });
    75	  const [pass, setPass] = useState("");
    76	  const [msg, setMsg] = useState<string>("");
    77	
    78	  // Film search state. The selected TMDb ID is stored in form.movieId.
    79	  const [movieQuery, setMovieQuery] = useState("");
    80	  const [results, setResults] = useState<TmdbSearchHit[]>([]);
    81	  const [loadingMovies, setLoadingMovies] = useState(false);
    82	  const [movieSearchMessage, setMovieSearchMessage] = useState("");
    83	  const [selectedMovieSummary, setSelectedMovieSummary] = useState("");
    84	
    85	  function onChange<K extends keyof FormState>(key: K) {
    86	    return (e: ChangeEvent<HTMLInputElement | HTMLTextAreaElement>) =>
    87	      setForm((f) => ({ ...f, [key]: e.target.value }));
    88	  }
    89	
    90	  async function onSubmit(e: FormEvent) {
    91	    e.preventDefault();
    92	    setMsg("");
    93	
    94	    const currentDateError = getEventDateValidationMessage(form.start, form.end);
    95	    if (currentDateError) {
    96	      setMsg(currentDateError);
    97	      return;
    98	    }
    99	
   100	    const payload: CreateEventInput = {
   101	      title: form.title.trim(),
   102	      description: form.description.trim(),
   103	      location: form.location.trim(),
   104	      start: form.start,
   105	      end: form.end,
   106	      movieId: form.movieId?.trim() || undefined,
   107	    };
   108	
   109	    try {
   110	      await createEvent(payload, pass);
   111	      setMsg("Event created");
   112	      setForm({
   113	        title: "",
   114	        description: "",
   115	        location: "",
   398	                placeholder="e.g., 27205 for Inception"
   399	              />
   400	            </details>
   401	          </section>
   402	
   403	          <div>
   404	            <label htmlFor="pass" className="block text-sm font-medium">
   405	              Admin Passcode
   406	            </label>
   407	            <input
   408	              id="pass"
   409	              name="pass"
   410	              type="password"
   411	              className="border p-2 w-full"
   412	              value={pass}
   413	              onChange={(e) => setPass(e.target.value)}
   414	              required
   415	              aria-required="true"
   416	              aria-describedby="pass-help"
   417	            />
   418	            <p id="pass-help" className="text-xs text-gray-700">Required</p>
   419	          </div>
   420	
   421	          <button
   422	            type="submit"
-- frontend manage delete prompt --
    45	      cancelled = true;
    46	    };
    47	  }, []);
    48	
    49	  async function handleDelete(event: Event) {
    50	    const confirmed = window.confirm(
    51	      `Delete "${event.title}"?\n\nThis will permanently remove the event from FilmHub. This action cannot be undone.`
    52	    );
    53	    if (!confirmed) return;
    54	
    55	    const adminPass = window.prompt("Enter admin passcode to delete this event:");
    56	    if (!adminPass || !adminPass.trim()) return;
    57	
    58	    try {
    59	      setDeletingId(event.id);
    60	      await deleteEvent(event.id, adminPass);
    61	      setEvents((prev) => prev.filter((item) => item.id !== event.id));
    62	    } catch (err: unknown) {
    63	      alert(err instanceof Error ? err.message : "Delete event failed");
    64	    } finally {
    65	      setDeletingId(null);
-- frontend edit passcode/delete area --
   114	export default function EditEventPage() {
   115	  const router = useRouter();
   116	  const eventId = typeof router.query.id === "string" ? router.query.id : "";
   117	
   118	  const [event, setEvent] = useState<Event | null>(null);
   119	  const [form, setForm] = useState<FormState>(emptyForm);
   120	  const [pass, setPass] = useState("");
   121	  const [loading, setLoading] = useState(true);
   122	  const [saving, setSaving] = useState(false);
   123	  const [deleting, setDeleting] = useState(false);
   124	  const [msg, setMsg] = useState("");
   125	  const [error, setError] = useState<string | null>(null);
   208	  const valid =
   209	    form.title.trim().length > 0 &&
   210	    form.description.trim().length >= 10 &&
   211	    form.location.trim().length >= 2 &&
   212	    form.start &&
   213	    form.end &&
   214	    !dateError &&
   215	    pass.trim().length > 0 &&
   216	    (form.priceType !== "fixed" || form.pricePence.trim().length > 0);
   217	
   218	  async function onSubmit(e: FormEvent) {
   219	    e.preventDefault();
   220	    if (!eventId) return;
   221	    setMsg("");
   222	
   223	    const currentDateError = getEventDateValidationMessage(form.start, form.end);
   224	    if (currentDateError) {
   225	      setMsg(currentDateError);
   226	      return;
   227	    }
   228	
   229	    const payload: UpdateEventInput = {
   230	      title: form.title.trim(),
   231	      description: form.description.trim(),
   232	      location: form.location.trim(),
   233	      start: toIsoFromLocal(form.start),
   234	      end: toIsoFromLocal(form.end),
   235	      movieId: form.movieId.trim() || undefined,
   236	      priceType: form.priceType,
   237	      pricePence: form.priceType === "fixed" ? Number(form.pricePence) : null,
   238	      capacity: form.capacity.trim() ? Number(form.capacity) : null,
   239	    };
   240	
   241	    try {
   242	      setSaving(true);
   243	      const saved = await updateEvent(eventId, payload, pass);
   244	      setEvent(saved);
   245	      setForm(formFromEvent(saved));
   246	      setSelectedMovieSummary(saved.movieId ? `Linked film: TMDb ID ${saved.movieId}` : "");
   247	      setMsg("Event updated");
   248	    } catch (err: unknown) {
   249	      setMsg(err instanceof Error ? err.message : "Failed to update event");
   250	    } finally {
   251	      setSaving(false);
   252	    }
   253	  }
   254	
   255	  async function handleDelete() {
   256	    if (!eventId || !event) return;
   257	    const confirmed = window.confirm(
   258	      `Delete "${event.title}"?\n\nThis will permanently remove the event from FilmHub. This action cannot be undone.`
   259	    );
   260	    if (!confirmed) return;
   261	
   262	    const adminPass = pass.trim() || window.prompt("Enter admin passcode to delete this event:") || "";
   263	    if (!adminPass.trim()) return;
   264	
   265	    try {
   266	      setDeleting(true);
   267	      await deleteEvent(eventId, adminPass);
   268	      await router.push("/admin/events");
   269	    } catch (err: unknown) {
   270	      setMsg(err instanceof Error ? err.message : "Failed to delete event");
   507	                <div>
   508	                  <label htmlFor="pass" className="block text-sm font-medium">
   509	                    Admin Passcode
   510	                  </label>
   511	                  <input id="pass" type="password" className="mt-1 w-full rounded border p-2" value={pass} onChange={(e) => setPass(e.target.value)} required />
   512	                  <p className="mt-1 text-xs text-gray-700">Required for save and delete actions.</p>
   513	                </div>
   514	
   515	                <button
   516	                  type="submit"
   517	                  disabled={!valid || saving}
   518	                  className={`rounded px-4 py-2 text-white ${valid && !saving ? "bg-black hover:bg-gray-800" : "cursor-not-allowed bg-gray-400"}`}
   519	                >
   520	                  {saving ? "Saving…" : "Save Changes"}
   521	                </button>
   522	
   523	                {msg && <p className="text-sm" role="status">{msg}</p>}
   524	              </form>
   525	
   526	              <section className="rounded-lg border border-red-200 bg-white p-6 shadow-sm" aria-label="Danger Zone">
   527	                <h2 className="text-lg font-semibold text-red-800">Danger Zone</h2>
   528	                <p className="mt-2 text-sm text-gray-700">
   529	                  Delete this event only if it should be permanently removed. This action cannot be undone.
   530	                </p>
   531	                <button
   532	                  type="button"
   533	                  onClick={handleDelete}
   534	                  disabled={deleting}
   535	                  className="mt-4 rounded bg-red-700 px-4 py-2 text-sm font-medium text-white hover:bg-red-800 disabled:cursor-not-allowed disabled:bg-red-300"
   536	                >
   537	                  {deleting ? "Deleting…" : "Delete event"}
   538	                </button>

== Backups created ==
/home/gary-morris/Desktop/EVENTS PLATFORM/events-platform/events-backend/../events_stage4_admin_session_backups_20260702_170443

== Applying Stage 4 admin login/session patch ==

== Positive anchors after patch ==
/home/gary-morris/Desktop/EVENTS PLATFORM/events-platform/events-backend/src/lib/adminAuth.ts:7:  return (process.env.ADMIN_PASSCODE_HASH ?? process.env.ADMIN_PASSCODE_SHA256 ?? "")
/home/gary-morris/Desktop/EVENTS PLATFORM/events-platform/events-backend/src/lib/adminAuth.ts:14:  return (process.env.ADMIN_SESSION_SECRET ?? "").trim();
/home/gary-morris/Desktop/EVENTS PLATFORM/events-platform/events-backend/src/lib/adminAuth.ts:29:  if (!secret) throw new Error("ADMIN_SESSION_SECRET is not configured");
/home/gary-morris/Desktop/EVENTS PLATFORM/events-platform/events-backend/src/lib/adminAuth.ts:52:export function createAdminSessionToken() {
/home/gary-morris/Desktop/EVENTS PLATFORM/events-platform/events-backend/src/lib/adminAuth.ts:99:export function requireAdmin(req: Request, res: Response, next: NextFunction): void {
/home/gary-morris/Desktop/EVENTS PLATFORM/events-platform/events-backend/src/routes/admin.ts:4:  createAdminSessionToken,
/home/gary-morris/Desktop/EVENTS PLATFORM/events-platform/events-backend/src/routes/admin.ts:5:  requireAdmin,
/home/gary-morris/Desktop/EVENTS PLATFORM/events-platform/events-backend/src/routes/admin.ts:18:        "Admin login is not configured. Set ADMIN_PASSCODE_HASH and ADMIN_SESSION_SECRET on the backend.",
/home/gary-morris/Desktop/EVENTS PLATFORM/events-platform/events-backend/src/routes/admin.ts:30:  return res.json(createAdminSessionToken());
/home/gary-morris/Desktop/EVENTS PLATFORM/events-platform/events-backend/src/routes/admin.ts:33:router.get("/session", requireAdmin, (_req, res) => {
/home/gary-morris/Desktop/EVENTS PLATFORM/events-platform/events-backend/src/routes/events.ts:4:import { requireAdmin } from "../lib/adminAuth.js";
/home/gary-morris/Desktop/EVENTS PLATFORM/events-platform/events-backend/src/routes/events.ts:117:router.post("/", requireAdmin, async (req, res) => {
/home/gary-morris/Desktop/EVENTS PLATFORM/events-platform/events-backend/src/routes/events.ts:137:router.put("/:id", requireAdmin, async (req, res) => {
/home/gary-morris/Desktop/EVENTS PLATFORM/events-platform/events-backend/src/routes/events.ts:164:router.delete("/:id", requireAdmin, async (req, res) => {
69:  allowedHeaders: ["Content-Type", "Authorization"],
88:app.use("/admin", admin);
89:    throw new Error("Please log in as an admin to continue.");
97:    Authorization: `Bearer ${requireAdminToken()}`,
103:    Authorization: `Bearer ${requireAdminToken()}`,
111:export async function loginAdmin(passcode: string): Promise<AdminLoginResponse> {
/home/gary-morris/Desktop/EVENTS PLATFORM/events-platform/events-frontend/src/lib/adminSession.ts:6:const STORAGE_KEY = "filmhub_admin_session";
/home/gary-morris/Desktop/EVENTS PLATFORM/events-platform/events-frontend/src/lib/adminSession.ts:12:export function clearAdminSession() {
/home/gary-morris/Desktop/EVENTS PLATFORM/events-platform/events-frontend/src/lib/adminSession.ts:17:export function saveAdminSession(session: AdminSession) {
/home/gary-morris/Desktop/EVENTS PLATFORM/events-platform/events-frontend/src/lib/adminSession.ts:22:export function getAdminSession(): AdminSession | null {
/home/gary-morris/Desktop/EVENTS PLATFORM/events-platform/events-frontend/src/lib/adminSession.ts:31:      clearAdminSession();
/home/gary-morris/Desktop/EVENTS PLATFORM/events-platform/events-frontend/src/lib/adminSession.ts:37:      clearAdminSession();
/home/gary-morris/Desktop/EVENTS PLATFORM/events-platform/events-frontend/src/lib/adminSession.ts:43:    clearAdminSession();
/home/gary-morris/Desktop/EVENTS PLATFORM/events-platform/events-frontend/src/lib/adminSession.ts:49:  return getAdminSession()?.token ?? null;
/home/gary-morris/Desktop/EVENTS PLATFORM/events-platform/events-frontend/src/pages/admin/login.tsx:6:import { getAdminSession, saveAdminSession } from "@/lib/adminSession";
/home/gary-morris/Desktop/EVENTS PLATFORM/events-platform/events-frontend/src/pages/admin/login.tsx:20:    if (getAdminSession()) {
/home/gary-morris/Desktop/EVENTS PLATFORM/events-platform/events-frontend/src/pages/admin/login.tsx:37:      saveAdminSession(session);
/home/gary-morris/Desktop/EVENTS PLATFORM/events-platform/events-frontend/src/pages/admin.tsx:12:import { clearAdminSession, getAdminSession } from "@/lib/adminSession";
/home/gary-morris/Desktop/EVENTS PLATFORM/events-platform/events-frontend/src/pages/admin.tsx:90:    if (!getAdminSession()) {
/home/gary-morris/Desktop/EVENTS PLATFORM/events-platform/events-frontend/src/pages/admin.tsx:103:    clearAdminSession();
/home/gary-morris/Desktop/EVENTS PLATFORM/events-platform/events-frontend/src/pages/admin/events/index.tsx:6:import { clearAdminSession, getAdminSession } from "@/lib/adminSession";
/home/gary-morris/Desktop/EVENTS PLATFORM/events-platform/events-frontend/src/pages/admin/events/index.tsx:33:    if (!getAdminSession()) {
/home/gary-morris/Desktop/EVENTS PLATFORM/events-platform/events-frontend/src/pages/admin/events/index.tsx:63:    clearAdminSession();
/home/gary-morris/Desktop/EVENTS PLATFORM/events-platform/events-frontend/src/pages/admin/events/[id]/edit.tsx:16:import { clearAdminSession, getAdminSession } from "@/lib/adminSession";
/home/gary-morris/Desktop/EVENTS PLATFORM/events-platform/events-frontend/src/pages/admin/events/[id]/edit.tsx:139:    if (!getAdminSession()) {
/home/gary-morris/Desktop/EVENTS PLATFORM/events-platform/events-frontend/src/pages/admin/events/[id]/edit.tsx:178:    clearAdminSession();
/home/gary-morris/Desktop/EVENTS PLATFORM/events-platform/events-frontend/src/pages/admin.tsx:102:  async function handleLogout() {
/home/gary-morris/Desktop/EVENTS PLATFORM/events-platform/events-frontend/src/pages/admin.tsx:211:        <p className="text-gray-700">Checking admin session…</p>
/home/gary-morris/Desktop/EVENTS PLATFORM/events-platform/events-frontend/src/pages/admin.tsx:240:            <button type="button" onClick={handleLogout} className="text-sm text-gray-600 hover:text-gray-800 hover:underline">
/home/gary-morris/Desktop/EVENTS PLATFORM/events-platform/events-frontend/src/pages/admin.tsx:241:              Logout
/home/gary-morris/Desktop/EVENTS PLATFORM/events-platform/events-frontend/src/pages/admin.tsx:248:          You are logged in for this admin session. Create, edit, and delete actions use your session token automatically.
/home/gary-morris/Desktop/EVENTS PLATFORM/events-platform/events-frontend/src/pages/admin/events/index.tsx:62:  async function handleLogout() {
/home/gary-morris/Desktop/EVENTS PLATFORM/events-platform/events-frontend/src/pages/admin/events/index.tsx:88:        <p className="text-gray-700">Checking admin session…</p>
/home/gary-morris/Desktop/EVENTS PLATFORM/events-platform/events-frontend/src/pages/admin/events/index.tsx:134:                onClick={handleLogout}
/home/gary-morris/Desktop/EVENTS PLATFORM/events-platform/events-frontend/src/pages/admin/events/index.tsx:137:                Logout
/home/gary-morris/Desktop/EVENTS PLATFORM/events-platform/events-frontend/src/pages/admin/events/[id]/edit.tsx:177:  async function handleLogout() {
/home/gary-morris/Desktop/EVENTS PLATFORM/events-platform/events-frontend/src/pages/admin/events/[id]/edit.tsx:290:        <p className="text-gray-700">Checking admin session…</p>
/home/gary-morris/Desktop/EVENTS PLATFORM/events-platform/events-frontend/src/pages/admin/events/[id]/edit.tsx:317:              <button type="button" onClick={handleLogout} className="text-sm text-gray-600 hover:text-gray-800 hover:underline">
/home/gary-morris/Desktop/EVENTS PLATFORM/events-platform/events-frontend/src/pages/admin/events/[id]/edit.tsx:318:                Logout

== Banned-pattern checks ==
OK: no old x-admin-passcode/window prompt/Admin Passcode/plain ADMIN_PASSCODE patterns remain in src.

== Validation ==

> events-backend@1.0.0 typecheck
> tsc --noEmit


> events-backend@1.0.0 build
> tsc

OK: backend admin auth regression passed

> events-frontend@1.0.0 build
> next build

   ▲ Next.js 15.5.4
   - Environments: .env.local

   Skipping linting
   Checking validity of types ...
   Creating an optimized production build ...
[baseline-browser-mapping] The data in this module is over two months old.  To ensure accurate Baseline data, please update: `npm i baseline-browser-mapping@latest -D`
Browserslist: browsers data (caniuse-lite) is 10 months old. Please run:
  npx update-browserslist-db@latest
  Why you should do it regularly: https://github.com/browserslist/update-db#readme
 ✓ Compiled successfully in 2.9s
   Collecting page data ...
   Generating static pages (0/11) ...
   Generating static pages (2/11) 
   Generating static pages (5/11) 
   Generating static pages (8/11) 
 ✓ Generating static pages (11/11)
   Finalizing page optimization ...
   Collecting build traces ...

Route (pages)                                Size  First Load JS
┌ ○ /                                     2.93 kB        91.1 kB
├   /_app                                     0 B        88.2 kB
├ ○ /404                                    411 B        88.6 kB
├ ○ /admin                                4.49 kB        92.6 kB
├ ○ /admin/events                         3.24 kB        91.4 kB
├ ○ /admin/events/[id]/edit               5.29 kB        93.5 kB
├ ○ /admin/login                          2.46 kB        90.6 kB
├ ○ /events/[id]                          3.81 kB          92 kB
├ ○ /my-events                              778 B        88.9 kB
├ ○ /products                               810 B          89 kB
└ ○ /thanks                                 473 B        88.6 kB
+ First Load JS shared by all               92 kB
  ├ chunks/framework-a6e0b7e30f98059a.js  44.8 kB
  ├ chunks/main-b931509c125f3f35.js         36 kB
  └ other shared chunks (total)           11.2 kB

○  (Static)  prerendered as static content


== Changed-file list ==
/home/gary-morris/Desktop/EVENTS PLATFORM/events-platform/events-backend/src/lib/adminAuth.ts
/home/gary-morris/Desktop/EVENTS PLATFORM/events-platform/events-backend/src/routes/admin.ts
/home/gary-morris/Desktop/EVENTS PLATFORM/events-platform/events-backend/src/routes/events.ts
/home/gary-morris/Desktop/EVENTS PLATFORM/events-platform/events-backend/src/index.ts
/home/gary-morris/Desktop/EVENTS PLATFORM/events-platform/events-frontend/src/lib/adminSession.ts
/home/gary-morris/Desktop/EVENTS PLATFORM/events-platform/events-frontend/src/lib/api.ts
/home/gary-morris/Desktop/EVENTS PLATFORM/events-platform/events-frontend/src/pages/admin/login.tsx
/home/gary-morris/Desktop/EVENTS PLATFORM/events-platform/events-frontend/src/pages/admin.tsx
/home/gary-morris/Desktop/EVENTS PLATFORM/events-platform/events-frontend/src/pages/admin/events/index.tsx
/home/gary-morris/Desktop/EVENTS PLATFORM/events-platform/events-frontend/src/pages/admin/events/[id]/edit.tsx

== Environment variables needed after this patch ==
Backend now requires ADMIN_PASSCODE_HASH and ADMIN_SESSION_SECRET for admin login/create/edit/delete.
Generate a hash with: node -e 'const crypto=require("crypto"); console.log(crypto.createHash("sha256").update(process.argv[1]).digest("hex"))' "YOUR_ADMIN_PASSCODE"
ADMIN_PASSCODE is no longer used by the patched backend admin write paths.

OK: events_stage4_admin_login_session_safe_patch completed successfully.
